<?xml version="1.0" encoding="UTF-8"?>
<testsuite xmlns:xsi="http://www.w3.org/2001/XMLSchema-instance" xsi:noNamespaceSchemaLocation="https://maven.apache.org/surefire/maven-surefire-plugin/xsd/surefire-test-report.xsd" name="com.howtodoinjava.junit5.examples.RepeatedInvocationsTest" time="0.015" tests="5" errors="0" skipped="0" failures="0">
  <properties>
[...]
</properties>
  <testcase name="addNumber{TestInfo, RepetitionInfo}[1]" classname="com.howtodoinjava.junit5.examples.RepeatedInvocationsTest" time="0.001"/>
  <testcase name="addNumber{TestInfo, RepetitionInfo}[2]" classname="com.howtodoinjava.junit5.examples.RepeatedInvocationsTest" time="0.001"/>
  <testcase name="addNumber{TestInfo, RepetitionInfo}[3]" classname="com.howtodoinjava.junit5.examples.RepeatedInvocationsTest" time="0.001"/>
  <testcase name="addNumber{TestInfo, RepetitionInfo}[4]" classname="com.howtodoinjava.junit5.examples.RepeatedInvocationsTest" time="0.001"/>
  <testcase name="addNumber{TestInfo, RepetitionInfo}[5]" classname="com.howtodoinjava.junit5.examples.RepeatedInvocationsTest" time="0.001"/>
</testsuite>